Determining if the pthread_create exist failed with the following output:
Change Dir: /mnt/d/Desktop/Desktop/h2o-mphttp/CMakeFiles/CMakeTmp

Run Build Command:"/usr/bin/make" "cmTC_54048/fast"
/usr/bin/make -f CMakeFiles/cmTC_54048.dir/build.make CMakeFiles/cmTC_54048.dir/build
make[1]: Entering directory '/mnt/d/Desktop/Desktop/h2o-mphttp/CMakeFiles/CMakeTmp'
Building C object CMakeFiles/cmTC_54048.dir/CheckSymbolExists.c.o
/usr/bin/cc    -o CMakeFiles/cmTC_54048.dir/CheckSymbolExists.c.o   -c /mnt/d/Desktop/Desktop/h2o-mphttp/CMakeFiles/CMakeTmp/CheckSymbolExists.c
Linking C executable cmTC_54048
/usr/bin/cmake -E cmake_link_script CMakeFiles/cmTC_54048.dir/link.txt --verbose=1
/usr/bin/cc      -rdynamic CMakeFiles/cmTC_54048.dir/CheckSymbolExists.c.o  -o cmTC_54048 
CMakeFiles/cmTC_54048.dir/CheckSymbolExists.c.o: In function `main':
CheckSymbolExists.c:(.text+0x1b): undefined reference to `pthread_create'
collect2: error: ld returned 1 exit status
CMakeFiles/cmTC_54048.dir/build.make:97: recipe for target 'cmTC_54048' failed
make[1]: *** [cmTC_54048] Error 1
make[1]: Leaving directory '/mnt/d/Desktop/Desktop/h2o-mphttp/CMakeFiles/CMakeTmp'
Makefile:126: recipe for target 'cmTC_54048/fast' failed
make: *** [cmTC_54048/fast] Error 2

File /mnt/d/Desktop/Desktop/h2o-mphttp/CMakeFiles/CMakeTmp/CheckSymbolExists.c:
/* */
#include <pthread.h>

int main(int argc, char** argv)
{
  (void)argv;
#ifndef pthread_create
  return ((int*)(&pthread_create))[argc];
#else
  (void)argc;
  return 0;
#endif
}

Determining if the function pthread_create exists in the pthreads failed with the following output:
Change Dir: /mnt/d/Desktop/Desktop/h2o-mphttp/CMakeFiles/CMakeTmp

Run Build Command:"/usr/bin/make" "cmTC_dd5a1/fast"
/usr/bin/make -f CMakeFiles/cmTC_dd5a1.dir/build.make CMakeFiles/cmTC_dd5a1.dir/build
make[1]: Entering directory '/mnt/d/Desktop/Desktop/h2o-mphttp/CMakeFiles/CMakeTmp'
Building C object CMakeFiles/cmTC_dd5a1.dir/CheckFunctionExists.c.o
/usr/bin/cc   -DCHECK_FUNCTION_EXISTS=pthread_create   -o CMakeFiles/cmTC_dd5a1.dir/CheckFunctionExists.c.o   -c /usr/share/cmake-3.10/Modules/CheckFunctionExists.c
Linking C executable cmTC_dd5a1
/usr/bin/cmake -E cmake_link_script CMakeFiles/cmTC_dd5a1.dir/link.txt --verbose=1
/usr/bin/cc  -DCHECK_FUNCTION_EXISTS=pthread_create    -rdynamic CMakeFiles/cmTC_dd5a1.dir/CheckFunctionExists.c.o  -o cmTC_dd5a1 -lpthreads 
/usr/bin/ld: cannot find -lpthreads
collect2: error: ld returned 1 exit status
CMakeFiles/cmTC_dd5a1.dir/build.make:97: recipe for target 'cmTC_dd5a1' failed
make[1]: *** [cmTC_dd5a1] Error 1
make[1]: Leaving directory '/mnt/d/Desktop/Desktop/h2o-mphttp/CMakeFiles/CMakeTmp'
Makefile:126: recipe for target 'cmTC_dd5a1/fast' failed
make: *** [cmTC_dd5a1/fast] Error 2


